TN:
SF:src/index.ts
FN:1,getModsString
FN:19,bem
FNF:2
FNH:2
FNDA:6,getModsString
FNDA:9,bem
DA:1,6
DA:2,6
DA:3,6
DA:4,6
DA:5,6
DA:6,6
DA:7,6
DA:8,2
DA:9,6
DA:10,4
DA:11,4
DA:12,6
DA:13,6
DA:14,6
DA:15,6
DA:16,6
DA:17,6
DA:18,1
DA:19,9
DA:20,9
DA:21,9
DA:22,9
DA:23,1
DA:24,1
DA:25,8
DA:26,8
DA:27,9
DA:28,3
DA:29,3
DA:30,3
DA:31,3
DA:32,1
DA:33,1
DA:34,2
DA:35,2
DA:36,2
DA:37,2
DA:38,2
DA:39,5
DA:40,5
DA:41,9
DA:42,4
DA:43,4
DA:44,4
DA:45,1
DA:46,1
DA:47,1
DA:48,9
DA:49,1
DA:50,1
DA:51,1
DA:52,1
LF:52
LH:52
BRDA:1,0,0,6
BRDA:6,1,0,6
BRDA:7,2,0,2
BRDA:7,3,0,2
BRDA:7,4,0,2
BRDA:9,5,0,4
BRDA:15,6,0,6
BRDA:19,7,0,9
BRDA:20,8,0,9
BRDA:22,9,0,1
BRDA:25,10,0,8
BRDA:27,11,0,3
BRDA:31,12,0,1
BRDA:31,13,0,1
BRDA:34,14,0,2
BRDA:39,15,0,5
BRDA:41,16,0,4
BRDA:41,17,0,4
BRDA:45,18,0,1
BRF:19
BRH:19
end_of_record
